Build started 10/17/2016 3:12:56 PM.
     1>Project "C:\Users\User\Documents\Visual Studio 2013\Projects\process_scheduling2\process_scheduling2\process_scheduling2.vcxproj" on node 2 (Build target(s)).
     1>ClCompile:
         C:\Program Files (x86)\Microsoft Visual Studio 12.0\VC\bin\CL.exe /c /ZI /nologo /W3 /WX- /sdl /Od /Oy- /D WIN32 /D _DEBUG /D _CONSOLE /D _LIB /D _UNICODE /D UNICODE /Gm /EHsc /RTC1 /MDd /GS /fp:precise /Zc:wchar_t /Zc:forScope /Fo"Debug\\" /Fd"Debug\vc120.pdb" /Gd /TP /analyze- /errorReport:prompt main.cpp
         main.cpp
     1>c:\users\user\documents\visual studio 2013\projects\process_scheduling2\process_scheduling2\main.cpp(42): warning C4018: '<' : signed/unsigned mismatch
     1>c:\users\user\documents\visual studio 2013\projects\process_scheduling2\process_scheduling2\main.cpp(52): warning C4018: '<' : signed/unsigned mismatch
     1>c:\users\user\documents\visual studio 2013\projects\process_scheduling2\process_scheduling2\main.cpp(62): warning C4018: '<' : signed/unsigned mismatch
     1>c:\users\user\documents\visual studio 2013\projects\process_scheduling2\process_scheduling2\main.cpp(72): warning C4018: '<' : signed/unsigned mismatch
     1>c:\users\user\documents\visual studio 2013\projects\process_scheduling2\process_scheduling2\main.cpp(82): warning C4018: '<' : signed/unsigned mismatch
     1>c:\users\user\documents\visual studio 2013\projects\process_scheduling2\process_scheduling2\main.cpp(92): warning C4018: '<' : signed/unsigned mismatch
     1>c:\users\user\documents\visual studio 2013\projects\process_scheduling2\process_scheduling2\main.cpp(102): warning C4018: '<' : signed/unsigned mismatch
     1>c:\users\user\documents\visual studio 2013\projects\process_scheduling2\process_scheduling2\main.cpp(112): warning C4018: '<' : signed/unsigned mismatch
     1>c:\users\user\documents\visual studio 2013\projects\process_scheduling2\process_scheduling2\main.cpp(122): warning C4018: '<' : signed/unsigned mismatch
     1>c:\users\user\documents\visual studio 2013\projects\process_scheduling2\process_scheduling2\main.cpp(150): warning C4018: '<' : signed/unsigned mismatch
     1>c:\users\user\documents\visual studio 2013\projects\process_scheduling2\process_scheduling2\main.cpp(293): warning C4018: '<' : signed/unsigned mismatch
     1>c:\users\user\documents\visual studio 2013\projects\process_scheduling2\process_scheduling2\main.cpp(313): warning C4018: '<' : signed/unsigned mismatch
     1>c:\users\user\documents\visual studio 2013\projects\process_scheduling2\process_scheduling2\main.cpp(327): warning C4018: '<' : signed/unsigned mismatch
     1>c:\users\user\documents\visual studio 2013\projects\process_scheduling2\process_scheduling2\main.cpp(340): warning C4018: '<' : signed/unsigned mismatch
     1>c:\users\user\documents\visual studio 2013\projects\process_scheduling2\process_scheduling2\main.cpp(356): warning C4018: '<' : signed/unsigned mismatch
       Link:
         C:\Program Files (x86)\Microsoft Visual Studio 12.0\VC\bin\link.exe /ERRORREPORT:PROMPT /OUT:"C:\Users\User\Documents\Visual Studio 2013\Projects\process_scheduling2\Debug\process_scheduling2.exe" /INCREMENTAL /NOLOGO kernel32.lib user32.lib gdi32.lib winspool.lib comdlg32.lib advapi32.lib shell32.lib ole32.lib oleaut32.lib uuid.lib odbc32.lib odbccp32.lib /MANIFEST /MANIFESTUAC:"level='asInvoker' uiAccess='false'" /manifest:embed /DEBUG /PDB:"C:\Users\User\Documents\Visual Studio 2013\Projects\process_scheduling2\Debug\process_scheduling2.pdb" /SUBSYSTEM:CONSOLE /TLBID:1 /DYNAMICBASE /NXCOMPAT /IMPLIB:"C:\Users\User\Documents\Visual Studio 2013\Projects\process_scheduling2\Debug\process_scheduling2.lib" /MACHINE:X86 Debug\main.obj
         Debug\Source.obj
         process_scheduling2.vcxproj -> C:\Users\User\Documents\Visual Studio 2013\Projects\process_scheduling2\Debug\process_scheduling2.exe
     1>Done Building Project "C:\Users\User\Documents\Visual Studio 2013\Projects\process_scheduling2\process_scheduling2\process_scheduling2.vcxproj" (Build target(s)).

Build succeeded.

Time Elapsed 00:00:05.44
